# JRE version: Java(TM) SE Runtime Environment (8.0_201-b09) (build 1.8.0_201-b09)
# Java VM: Java HotSpot(TM) 64-Bit Server VM (25.201-b09 mixed mode linux-amd64 compressed oops)
Heap:
 PSYoungGen      total 188416K, used 11929K [0x00000000eb700000, 0x00000000f9000000, 0x0000000100000000)
  eden space 173568K, 0% used [0x00000000eb700000,0x00000000eb700000,0x00000000f6080000)
  from space 14848K, 80% used [0x00000000f7300000,0x00000000f7ea6560,0x00000000f8180000)
  to   space 11776K, 0% used [0x00000000f8480000,0x00000000f8480000,0x00000000f9000000)
 ParOldGen       total 40960K, used 28915K [0x00000000c2400000, 0x00000000c4c00000, 0x00000000eb700000)
  object space 40960K, 70% used [0x00000000c2400000,0x00000000c403cd08,0x00000000c4c00000)
 Metaspace       used 34491K, capacity 35336K, committed 35496K, reserved 1081344K
  class space    used 3965K, capacity 4224K, committed 4272K, reserved 1048576K
GC Heap History (10 events):
Event: 5.615 GC heap after
Heap after GC invocations=7 (full 0):
 PSYoungGen      total 69632K, used 6628K [0x00000000eb700000, 0x00000000f4300000, 0x0000000100000000)
  eden space 62976K, 0% used [0x00000000eb700000,0x00000000eb700000,0x00000000ef480000)
  from space 6656K, 99% used [0x00000000ef480000,0x00000000efaf93f0,0x00000000efb00000)
  to   space 8704K, 0% used [0x00000000f3a80000,0x00000000f3a80000,0x00000000f4300000)
 ParOldGen       total 42496K, used 9502K [0x00000000c2400000, 0x00000000c4d80000, 0x00000000eb700000)
  object space 42496K, 22% used [0x00000000c2400000,0x00000000c2d47b40,0x00000000c4d80000)
 Metaspace       used 18838K, capacity 19144K, committed 19328K, reserved 1067008K
  class space    used 2265K, capacity 2406K, committed 2432K, reserved 1048576K
}
Event: 6.573 GC heap before
{Heap before GC invocations=8 (full 0):
 PSYoungGen      total 69632K, used 69604K [0x00000000eb700000, 0x00000000f4300000, 0x0000000100000000)
  eden space 62976K, 100% used [0x00000000eb700000,0x00000000ef480000,0x00000000ef480000)
  from space 6656K, 99% used [0x00000000ef480000,0x00000000efaf93f0,0x00000000efb00000)
  to   space 8704K, 0% used [0x00000000f3a80000,0x00000000f3a80000,0x00000000f4300000)
 ParOldGen       total 42496K, used 9502K [0x00000000c2400000, 0x00000000c4d80000, 0x00000000eb700000)
  object space 42496K, 22% used [0x00000000c2400000,0x00000000c2d47b40,0x00000000c4d80000)
 Metaspace       used 19268K, capacity 19588K, committed 19840K, reserved 1067008K
  class space    used 2277K, capacity 2416K, committed 2432K, reserved 1048576K
Event: 6.621 GC heap after
Heap after GC invocations=8 (full 0):
 PSYoungGen      total 132608K, used 8704K [0x00000000eb700000, 0x00000000f4700000, 0x0000000100000000)
  eden space 123904K, 0% used [0x00000000eb700000,0x00000000eb700000,0x00000000f3000000)
  from space 8704K, 100% used [0x00000000f3a80000,0x00000000f4300000,0x00000000f4300000)
  to   space 10752K, 0% used [0x00000000f3000000,0x00000000f3000000,0x00000000f3a80000)
 ParOldGen       total 42496K, used 10927K [0x00000000c2400000, 0x00000000c4d80000, 0x00000000eb700000)
  object space 42496K, 25% used [0x00000000c2400000,0x00000000c2eabe28,0x00000000c4d80000)
 Metaspace       used 19268K, capacity 19588K, committed 19840K, reserved 1067008K
  class space    used 2277K, capacity 2416K, committed 2432K, reserved 1048576K
}
Event: 7.358 GC heap before
{Heap before GC invocations=9 (full 0):
 PSYoungGen      total 132608K, used 38250K [0x00000000eb700000, 0x00000000f4700000, 0x0000000100000000)
  eden space 123904K, 23% used [0x00000000eb700000,0x00000000ed3da908,0x00000000f3000000)
  from space 8704K, 100% used [0x00000000f3a80000,0x00000000f4300000,0x00000000f4300000)
  to   space 10752K, 0% used [0x00000000f3000000,0x00000000f3000000,0x00000000f3a80000)
 ParOldGen       total 42496K, used 10927K [0x00000000c2400000, 0x00000000c4d80000, 0x00000000eb700000)
  object space 42496K, 25% used [0x00000000c2400000,0x00000000c2eabe28,0x00000000c4d80000)
 Metaspace       used 20767K, capacity 21186K, committed 21296K, reserved 1069056K
  class space    used 2415K, capacity 2565K, committed 2608K, reserved 1048576K
Event: 7.382 GC heap after
Heap after GC invocations=9 (full 0):
 PSYoungGen      total 134656K, used 9517K [0x00000000eb700000, 0x00000000f9000000, 0x0000000100000000)
  eden space 123904K, 0% used [0x00000000eb700000,0x00000000eb700000,0x00000000f3000000)
  from space 10752K, 88% used [0x00000000f3000000,0x00000000f394b628,0x00000000f3a80000)
  to   space 11776K, 0% used [0x00000000f8480000,0x00000000f8480000,0x00000000f9000000)
 ParOldGen       total 42496K, used 13016K [0x00000000c2400000, 0x00000000c4d80000, 0x00000000eb700000)
  object space 42496K, 30% used [0x00000000c2400000,0x00000000c30b63e0,0x00000000c4d80000)
 Metaspace       used 20767K, capacity 21186K, committed 21296K, reserved 1069056K
  class space    used 2415K, capacity 2565K, committed 2608K, reserved 1048576K
}
Event: 7.382 GC heap before
{Heap before GC invocations=10 (full 1):
 PSYoungGen      total 134656K, used 9517K [0x00000000eb700000, 0x00000000f9000000, 0x0000000100000000)
  eden space 123904K, 0% used [0x00000000eb700000,0x00000000eb700000,0x00000000f3000000)
  from space 10752K, 88% used [0x00000000f3000000,0x00000000f394b628,0x00000000f3a80000)
  to   space 11776K, 0% used [0x00000000f8480000,0x00000000f8480000,0x00000000f9000000)
 ParOldGen       total 42496K, used 13016K [0x00000000c2400000, 0x00000000c4d80000, 0x00000000eb700000)
  object space 42496K, 30% used [0x00000000c2400000,0x00000000c30b63e0,0x00000000c4d80000)
 Metaspace       used 20767K, capacity 21186K, committed 21296K, reserved 1069056K
  class space    used 2415K, capacity 2565K, committed 2608K, reserved 1048576K
Event: 7.526 GC heap after
Heap after GC invocations=10 (full 1):
 PSYoungGen      total 134656K, used 0K [0x00000000eb700000, 0x00000000f9000000, 0x0000000100000000)
  eden space 123904K, 0% used [0x00000000eb700000,0x00000000eb700000,0x00000000f3000000)
  from space 10752K, 0% used [0x00000000f3000000,0x00000000f3000000,0x00000000f3a80000)
  to   space 11776K, 0% used [0x00000000f8480000,0x00000000f8480000,0x00000000f9000000)
 ParOldGen       total 40960K, used 14735K [0x00000000c2400000, 0x00000000c4c00000, 0x00000000eb700000)
  object space 40960K, 35% used [0x00000000c2400000,0x00000000c3263f10,0x00000000c4c00000)
 Metaspace       used 20767K, capacity 21186K, committed 21296K, reserved 1069056K
  class space    used 2415K, capacity 2565K, committed 2608K, reserved 1048576K
}
Event: 10.588 GC heap before
{Heap before GC invocations=11 (full 1):
 PSYoungGen      total 134656K, used 123904K [0x00000000eb700000, 0x00000000f9000000, 0x0000000100000000)
  eden space 123904K, 100% used [0x00000000eb700000,0x00000000f3000000,0x00000000f3000000)
  from space 10752K, 0% used [0x00000000f3000000,0x00000000f3000000,0x00000000f3a80000)
  to   space 11776K, 0% used [0x00000000f8480000,0x00000000f8480000,0x00000000f9000000)
 ParOldGen       total 40960K, used 14735K [0x00000000c2400000, 0x00000000c4c00000, 0x00000000eb700000)
  object space 40960K, 35% used [0x00000000c2400000,0x00000000c3263f10,0x00000000c4c00000)
 Metaspace       used 30241K, capacity 30980K, committed 31280K, reserved 1077248K
  class space    used 3535K, capacity 3782K, committed 3888K, reserved 1048576K
Event: 10.850 GC heap after
Heap after GC invocations=11 (full 1):
 PSYoungGen      total 185344K, used 11768K [0x00000000eb700000, 0x00000000f9000000, 0x0000000100000000)
  eden space 173568K, 0% used [0x00000000eb700000,0x00000000eb700000,0x00000000f6080000)
  from space 11776K, 99% used [0x00000000f8480000,0x00000000f8ffe148,0x00000000f9000000)
  to   space 14848K, 0% used [0x00000000f7300000,0x00000000f7300000,0x00000000f8180000)
 ParOldGen       total 40960K, used 18351K [0x00000000c2400000, 0x00000000c4c00000, 0x00000000eb700000)
  object space 40960K, 44% used [0x00000000c2400000,0x00000000c35ebe68,0x00000000c4c00000)
 Metaspace       used 30241K, capacity 30980K, committed 31280K, reserved 1077248K
  class space    used 3535K, capacity 3782K, committed 3888K, reserved 1048576K
}
Event: 48.349 GC heap before
{Heap before GC invocations=12 (full 1):
 PSYoungGen      total 185344K, used 82633K [0x00000000eb700000, 0x00000000f9000000, 0x0000000100000000)
  eden space 173568K, 40% used [0x00000000eb700000,0x00000000efc342e8,0x00000000f6080000)
  from space 11776K, 99% used [0x00000000f8480000,0x00000000f8ffe148,0x00000000f9000000)
  to   space 14848K, 0% used [0x00000000f7300000,0x00000000f7300000,0x00000000f8180000)
 ParOldGen       total 40960K, used 18351K [0x00000000c2400000, 0x00000000c4c00000, 0x00000000eb700000)
  object space 40960K, 44% used [0x00000000c2400000,0x00000000c35ebe68,0x00000000c4c00000)
 Metaspace       used 34491K, capacity 35336K, committed 35496K, reserved 1081344K
  class space    used 3965K, capacity 4224K, committed 4272K, reserved 1048576K

