# JRE version: Java(TM) SE Runtime Environment (8.0_201-b09) (build 1.8.0_201-b09)
# Java VM: Java HotSpot(TM) 64-Bit Server VM (25.201-b09 mixed mode linux-amd64 compressed oops)
Heap:
 PSYoungGen      total 207872K, used 0K [0x00000000eb700000, 0x00000000fb580000, 0x0000000100000000)
  eden space 193536K, 0% used [0x00000000eb700000,0x00000000eb700000,0x00000000f7400000)
  from space 14336K, 0% used [0x00000000f7400000,0x00000000f7400000,0x00000000f8200000)
  to   space 15872K, 0% used [0x00000000fa600000,0x00000000fa600000,0x00000000fb580000)
 ParOldGen       total 39936K, used 35471K [0x00000000c2400000, 0x00000000c4b00000, 0x00000000eb700000)
  object space 39936K, 88% used [0x00000000c2400000,0x00000000c46a3fd0,0x00000000c4b00000)
 Metaspace       used 34275K, capacity 35110K, committed 35496K, reserved 1081344K
  class space    used 3947K, capacity 4186K, committed 4272K, reserved 1048576K
GC Heap History (10 events):
Event: 6.495 GC heap after
Heap after GC invocations=8 (full 0):
 PSYoungGen      total 132608K, used 8704K [0x00000000eb700000, 0x00000000f4700000, 0x0000000100000000)
  eden space 123904K, 0% used [0x00000000eb700000,0x00000000eb700000,0x00000000f3000000)
  from space 8704K, 100% used [0x00000000f3a80000,0x00000000f4300000,0x00000000f4300000)
  to   space 10752K, 0% used [0x00000000f3000000,0x00000000f3000000,0x00000000f3a80000)
 ParOldGen       total 42496K, used 11116K [0x00000000c2400000, 0x00000000c4d80000, 0x00000000eb700000)
  object space 42496K, 26% used [0x00000000c2400000,0x00000000c2edb2b8,0x00000000c4d80000)
 Metaspace       used 19226K, capacity 19592K, committed 19840K, reserved 1067008K
  class space    used 2280K, capacity 2416K, committed 2432K, reserved 1048576K
}
Event: 7.342 GC heap before
{Heap before GC invocations=9 (full 0):
 PSYoungGen      total 132608K, used 40744K [0x00000000eb700000, 0x00000000f4700000, 0x0000000100000000)
  eden space 123904K, 25% used [0x00000000eb700000,0x00000000ed64a338,0x00000000f3000000)
  from space 8704K, 100% used [0x00000000f3a80000,0x00000000f4300000,0x00000000f4300000)
  to   space 10752K, 0% used [0x00000000f3000000,0x00000000f3000000,0x00000000f3a80000)
 ParOldGen       total 42496K, used 11116K [0x00000000c2400000, 0x00000000c4d80000, 0x00000000eb700000)
  object space 42496K, 26% used [0x00000000c2400000,0x00000000c2edb2b8,0x00000000c4d80000)
 Metaspace       used 20793K, capacity 21190K, committed 21296K, reserved 1069056K
  class space    used 2422K, capacity 2565K, committed 2608K, reserved 1048576K
Event: 7.367 GC heap after
Heap after GC invocations=9 (full 0):
 PSYoungGen      total 134656K, used 9713K [0x00000000eb700000, 0x00000000f9000000, 0x0000000100000000)
  eden space 123904K, 0% used [0x00000000eb700000,0x00000000eb700000,0x00000000f3000000)
  from space 10752K, 90% used [0x00000000f3000000,0x00000000f397c5d8,0x00000000f3a80000)
  to   space 11776K, 0% used [0x00000000f8480000,0x00000000f8480000,0x00000000f9000000)
 ParOldGen       total 42496K, used 13130K [0x00000000c2400000, 0x00000000c4d80000, 0x00000000eb700000)
  object space 42496K, 30% used [0x00000000c2400000,0x00000000c30d2880,0x00000000c4d80000)
 Metaspace       used 20793K, capacity 21190K, committed 21296K, reserved 1069056K
  class space    used 2422K, capacity 2565K, committed 2608K, reserved 1048576K
}
Event: 7.367 GC heap before
{Heap before GC invocations=10 (full 1):
 PSYoungGen      total 134656K, used 9713K [0x00000000eb700000, 0x00000000f9000000, 0x0000000100000000)
  eden space 123904K, 0% used [0x00000000eb700000,0x00000000eb700000,0x00000000f3000000)
  from space 10752K, 90% used [0x00000000f3000000,0x00000000f397c5d8,0x00000000f3a80000)
  to   space 11776K, 0% used [0x00000000f8480000,0x00000000f8480000,0x00000000f9000000)
 ParOldGen       total 42496K, used 13130K [0x00000000c2400000, 0x00000000c4d80000, 0x00000000eb700000)
  object space 42496K, 30% used [0x00000000c2400000,0x00000000c30d2880,0x00000000c4d80000)
 Metaspace       used 20793K, capacity 21190K, committed 21296K, reserved 1069056K
  class space    used 2422K, capacity 2565K, committed 2608K, reserved 1048576K
Event: 7.466 GC heap after
Heap after GC invocations=10 (full 1):
 PSYoungGen      total 134656K, used 0K [0x00000000eb700000, 0x00000000f9000000, 0x0000000100000000)
  eden space 123904K, 0% used [0x00000000eb700000,0x00000000eb700000,0x00000000f3000000)
  from space 10752K, 0% used [0x00000000f3000000,0x00000000f3000000,0x00000000f3a80000)
  to   space 11776K, 0% used [0x00000000f8480000,0x00000000f8480000,0x00000000f9000000)
 ParOldGen       total 39936K, used 14818K [0x00000000c2400000, 0x00000000c4b00000, 0x00000000eb700000)
  object space 39936K, 37% used [0x00000000c2400000,0x00000000c32789f8,0x00000000c4b00000)
 Metaspace       used 20793K, capacity 21190K, committed 21296K, reserved 1069056K
  class space    used 2422K, capacity 2565K, committed 2608K, reserved 1048576K
}
Event: 11.288 GC heap before
{Heap before GC invocations=11 (full 1):
 PSYoungGen      total 134656K, used 123904K [0x00000000eb700000, 0x00000000f9000000, 0x0000000100000000)
  eden space 123904K, 100% used [0x00000000eb700000,0x00000000f3000000,0x00000000f3000000)
  from space 10752K, 0% used [0x00000000f3000000,0x00000000f3000000,0x00000000f3a80000)
  to   space 11776K, 0% used [0x00000000f8480000,0x00000000f8480000,0x00000000f9000000)
 ParOldGen       total 39936K, used 14818K [0x00000000c2400000, 0x00000000c4b00000, 0x00000000eb700000)
  object space 39936K, 37% used [0x00000000c2400000,0x00000000c32789f8,0x00000000c4b00000)
 Metaspace       used 30596K, capacity 31324K, committed 31536K, reserved 1077248K
  class space    used 3581K, capacity 3806K, committed 3888K, reserved 1048576K
Event: 11.324 GC heap after
Heap after GC invocations=11 (full 1):
 PSYoungGen      total 181248K, used 11773K [0x00000000eb700000, 0x00000000f9000000, 0x0000000100000000)
  eden space 169472K, 0% used [0x00000000eb700000,0x00000000eb700000,0x00000000f5c80000)
  from space 11776K, 99% used [0x00000000f8480000,0x00000000f8fff6b8,0x00000000f9000000)
  to   space 14336K, 0% used [0x00000000f7400000,0x00000000f7400000,0x00000000f8200000)
 ParOldGen       total 39936K, used 17999K [0x00000000c2400000, 0x00000000c4b00000, 0x00000000eb700000)
  object space 39936K, 45% used [0x00000000c2400000,0x00000000c3593f00,0x00000000c4b00000)
 Metaspace       used 30596K, capacity 31324K, committed 31536K, reserved 1077248K
  class space    used 3581K, capacity 3806K, committed 3888K, reserved 1048576K
}
Event: 14.780 GC heap before
{Heap before GC invocations=12 (full 1):
 PSYoungGen      total 181248K, used 87740K [0x00000000eb700000, 0x00000000f9000000, 0x0000000100000000)
  eden space 169472K, 44% used [0x00000000eb700000,0x00000000f012fc10,0x00000000f5c80000)
  from space 11776K, 99% used [0x00000000f8480000,0x00000000f8fff6b8,0x00000000f9000000)
  to   space 14336K, 0% used [0x00000000f7400000,0x00000000f7400000,0x00000000f8200000)
 ParOldGen       total 39936K, used 17999K [0x00000000c2400000, 0x00000000c4b00000, 0x00000000eb700000)
  object space 39936K, 45% used [0x00000000c2400000,0x00000000c3593f00,0x00000000c4b00000)
 Metaspace       used 34433K, capacity 35346K, committed 35496K, reserved 1081344K
  class space    used 3968K, capacity 4226K, committed 4272K, reserved 1048576K
Event: 14.828 GC heap after
Heap after GC invocations=12 (full 1):
 PSYoungGen      total 207872K, used 12361K [0x00000000eb700000, 0x00000000fb580000, 0x0000000100000000)
  eden space 193536K, 0% used [0x00000000eb700000,0x00000000eb700000,0x00000000f7400000)
  from space 14336K, 86% used [0x00000000f7400000,0x00000000f8012540,0x00000000f8200000)
  to   space 15872K, 0% used [0x00000000fa600000,0x00000000fa600000,0x00000000fb580000)
 ParOldGen       total 39936K, used 28559K [0x00000000c2400000, 0x00000000c4b00000, 0x00000000eb700000)
  object space 39936K, 71% used [0x00000000c2400000,0x00000000c3fe3f58,0x00000000c4b00000)
 Metaspace       used 34433K, capacity 35346K, committed 35496K, reserved 1081344K
  class space    used 3968K, capacity 4226K, committed 4272K, reserved 1048576K
}
Event: 14.829 GC heap before
{Heap before GC invocations=13 (full 2):
 PSYoungGen      total 207872K, used 12361K [0x00000000eb700000, 0x00000000fb580000, 0x0000000100000000)
  eden space 193536K, 0% used [0x00000000eb700000,0x00000000eb700000,0x00000000f7400000)
  from space 14336K, 86% used [0x00000000f7400000,0x00000000f8012540,0x00000000f8200000)
  to   space 15872K, 0% used [0x00000000fa600000,0x00000000fa600000,0x00000000fb580000)
 ParOldGen       total 39936K, used 28559K [0x00000000c2400000, 0x00000000c4b00000, 0x00000000eb700000)
  object space 39936K, 71% used [0x00000000c2400000,0x00000000c3fe3f58,0x00000000c4b00000)
 Metaspace       used 34433K, capacity 35346K, committed 35496K, reserved 1081344K
  class space    used 3968K, capacity 4226K, committed 4272K, reserved 1048576K

