# JRE version: Java(TM) SE Runtime Environment (8.0_201-b09) (build 1.8.0_201-b09)
# Java VM: Java HotSpot(TM) 64-Bit Server VM (25.201-b09 mixed mode linux-amd64 compressed oops)
Heap:
 PSYoungGen      total 207360K, used 0K [0x00000000eb700000, 0x00000000fae80000, 0x0000000100000000)
  eden space 192512K, 0% used [0x00000000eb700000,0x00000000eb700000,0x00000000f7300000)
  from space 14848K, 0% used [0x00000000f7300000,0x00000000f7300000,0x00000000f8180000)
  to   space 15872K, 0% used [0x00000000f9f00000,0x00000000f9f00000,0x00000000fae80000)
 ParOldGen       total 40448K, used 35468K [0x00000000c2400000, 0x00000000c4b80000, 0x00000000eb700000)
  object space 40448K, 87% used [0x00000000c2400000,0x00000000c46a3378,0x00000000c4b80000)
 Metaspace       used 34245K, capacity 35110K, committed 35496K, reserved 1081344K
  class space    used 3942K, capacity 4186K, committed 4272K, reserved 1048576K
GC Heap History (10 events):
Event: 6.408 GC heap after
Heap after GC invocations=8 (full 0):
 PSYoungGen      total 132608K, used 8704K [0x00000000eb700000, 0x00000000f4700000, 0x0000000100000000)
  eden space 123904K, 0% used [0x00000000eb700000,0x00000000eb700000,0x00000000f3000000)
  from space 8704K, 100% used [0x00000000f3a80000,0x00000000f4300000,0x00000000f4300000)
  to   space 10752K, 0% used [0x00000000f3000000,0x00000000f3000000,0x00000000f3a80000)
 ParOldGen       total 42496K, used 11160K [0x00000000c2400000, 0x00000000c4d80000, 0x00000000eb700000)
  object space 42496K, 26% used [0x00000000c2400000,0x00000000c2ee62e8,0x00000000c4d80000)
 Metaspace       used 19223K, capacity 19592K, committed 19840K, reserved 1067008K
  class space    used 2278K, capacity 2416K, committed 2432K, reserved 1048576K
}
Event: 7.226 GC heap before
{Heap before GC invocations=9 (full 0):
 PSYoungGen      total 132608K, used 40885K [0x00000000eb700000, 0x00000000f4700000, 0x0000000100000000)
  eden space 123904K, 25% used [0x00000000eb700000,0x00000000ed66d760,0x00000000f3000000)
  from space 8704K, 100% used [0x00000000f3a80000,0x00000000f4300000,0x00000000f4300000)
  to   space 10752K, 0% used [0x00000000f3000000,0x00000000f3000000,0x00000000f3a80000)
 ParOldGen       total 42496K, used 11160K [0x00000000c2400000, 0x00000000c4d80000, 0x00000000eb700000)
  object space 42496K, 26% used [0x00000000c2400000,0x00000000c2ee62e8,0x00000000c4d80000)
 Metaspace       used 20798K, capacity 21190K, committed 21296K, reserved 1069056K
  class space    used 2421K, capacity 2565K, committed 2608K, reserved 1048576K
Event: 7.263 GC heap after
Heap after GC invocations=9 (full 0):
 PSYoungGen      total 134656K, used 9821K [0x00000000eb700000, 0x00000000f9000000, 0x0000000100000000)
  eden space 123904K, 0% used [0x00000000eb700000,0x00000000eb700000,0x00000000f3000000)
  from space 10752K, 91% used [0x00000000f3000000,0x00000000f39975c0,0x00000000f3a80000)
  to   space 11776K, 0% used [0x00000000f8480000,0x00000000f8480000,0x00000000f9000000)
 ParOldGen       total 42496K, used 13114K [0x00000000c2400000, 0x00000000c4d80000, 0x00000000eb700000)
  object space 42496K, 30% used [0x00000000c2400000,0x00000000c30ce8a0,0x00000000c4d80000)
 Metaspace       used 20798K, capacity 21190K, committed 21296K, reserved 1069056K
  class space    used 2421K, capacity 2565K, committed 2608K, reserved 1048576K
}
Event: 7.263 GC heap before
{Heap before GC invocations=10 (full 1):
 PSYoungGen      total 134656K, used 9821K [0x00000000eb700000, 0x00000000f9000000, 0x0000000100000000)
  eden space 123904K, 0% used [0x00000000eb700000,0x00000000eb700000,0x00000000f3000000)
  from space 10752K, 91% used [0x00000000f3000000,0x00000000f39975c0,0x00000000f3a80000)
  to   space 11776K, 0% used [0x00000000f8480000,0x00000000f8480000,0x00000000f9000000)
 ParOldGen       total 42496K, used 13114K [0x00000000c2400000, 0x00000000c4d80000, 0x00000000eb700000)
  object space 42496K, 30% used [0x00000000c2400000,0x00000000c30ce8a0,0x00000000c4d80000)
 Metaspace       used 20798K, capacity 21190K, committed 21296K, reserved 1069056K
  class space    used 2421K, capacity 2565K, committed 2608K, reserved 1048576K
Event: 7.387 GC heap after
Heap after GC invocations=10 (full 1):
 PSYoungGen      total 134656K, used 0K [0x00000000eb700000, 0x00000000f9000000, 0x0000000100000000)
  eden space 123904K, 0% used [0x00000000eb700000,0x00000000eb700000,0x00000000f3000000)
  from space 10752K, 0% used [0x00000000f3000000,0x00000000f3000000,0x00000000f3a80000)
  to   space 11776K, 0% used [0x00000000f8480000,0x00000000f8480000,0x00000000f9000000)
 ParOldGen       total 40448K, used 14812K [0x00000000c2400000, 0x00000000c4b80000, 0x00000000eb700000)
  object space 40448K, 36% used [0x00000000c2400000,0x00000000c32773e0,0x00000000c4b80000)
 Metaspace       used 20798K, capacity 21190K, committed 21296K, reserved 1069056K
  class space    used 2421K, capacity 2565K, committed 2608K, reserved 1048576K
}
Event: 11.020 GC heap before
{Heap before GC invocations=11 (full 1):
 PSYoungGen      total 134656K, used 123904K [0x00000000eb700000, 0x00000000f9000000, 0x0000000100000000)
  eden space 123904K, 100% used [0x00000000eb700000,0x00000000f3000000,0x00000000f3000000)
  from space 10752K, 0% used [0x00000000f3000000,0x00000000f3000000,0x00000000f3a80000)
  to   space 11776K, 0% used [0x00000000f8480000,0x00000000f8480000,0x00000000f9000000)
 ParOldGen       total 40448K, used 14812K [0x00000000c2400000, 0x00000000c4b80000, 0x00000000eb700000)
  object space 40448K, 36% used [0x00000000c2400000,0x00000000c32773e0,0x00000000c4b80000)
 Metaspace       used 30655K, capacity 31388K, committed 31536K, reserved 1077248K
  class space    used 3580K, capacity 3806K, committed 3888K, reserved 1048576K
Event: 11.046 GC heap after
Heap after GC invocations=11 (full 1):
 PSYoungGen      total 178176K, used 11775K [0x00000000eb700000, 0x00000000f9000000, 0x0000000100000000)
  eden space 166400K, 0% used [0x00000000eb700000,0x00000000eb700000,0x00000000f5980000)
  from space 11776K, 99% used [0x00000000f8480000,0x00000000f8ffff98,0x00000000f9000000)
  to   space 14848K, 0% used [0x00000000f7300000,0x00000000f7300000,0x00000000f8180000)
 ParOldGen       total 40448K, used 18093K [0x00000000c2400000, 0x00000000c4b80000, 0x00000000eb700000)
  object space 40448K, 44% used [0x00000000c2400000,0x00000000c35ab618,0x00000000c4b80000)
 Metaspace       used 30655K, capacity 31388K, committed 31536K, reserved 1077248K
  class space    used 3580K, capacity 3806K, committed 3888K, reserved 1048576K
}
Event: 17.238 GC heap before
{Heap before GC invocations=12 (full 1):
 PSYoungGen      total 178176K, used 86602K [0x00000000eb700000, 0x00000000f9000000, 0x0000000100000000)
  eden space 166400K, 44% used [0x00000000eb700000,0x00000000f0012a78,0x00000000f5980000)
  from space 11776K, 99% used [0x00000000f8480000,0x00000000f8ffff98,0x00000000f9000000)
  to   space 14848K, 0% used [0x00000000f7300000,0x00000000f7300000,0x00000000f8180000)
 ParOldGen       total 40448K, used 18093K [0x00000000c2400000, 0x00000000c4b80000, 0x00000000eb700000)
  object space 40448K, 44% used [0x00000000c2400000,0x00000000c35ab618,0x00000000c4b80000)
 Metaspace       used 34404K, capacity 35346K, committed 35496K, reserved 1081344K
  class space    used 3962K, capacity 4226K, committed 4272K, reserved 1048576K
Event: 18.290 GC heap after
Heap after GC invocations=12 (full 1):
 PSYoungGen      total 207360K, used 12313K [0x00000000eb700000, 0x00000000fae80000, 0x0000000100000000)
  eden space 192512K, 0% used [0x00000000eb700000,0x00000000eb700000,0x00000000f7300000)
  from space 14848K, 82% used [0x00000000f7300000,0x00000000f7f06598,0x00000000f8180000)
  to   space 15872K, 0% used [0x00000000f9f00000,0x00000000f9f00000,0x00000000fae80000)
 ParOldGen       total 40448K, used 28575K [0x00000000c2400000, 0x00000000c4b80000, 0x00000000eb700000)
  object space 40448K, 70% used [0x00000000c2400000,0x00000000c3fe7c18,0x00000000c4b80000)
 Metaspace       used 34404K, capacity 35346K, committed 35496K, reserved 1081344K
  class space    used 3962K, capacity 4226K, committed 4272K, reserved 1048576K
}
Event: 18.702 GC heap before
{Heap before GC invocations=13 (full 2):
 PSYoungGen      total 207360K, used 12313K [0x00000000eb700000, 0x00000000fae80000, 0x0000000100000000)
  eden space 192512K, 0% used [0x00000000eb700000,0x00000000eb700000,0x00000000f7300000)
  from space 14848K, 82% used [0x00000000f7300000,0x00000000f7f06598,0x00000000f8180000)
  to   space 15872K, 0% used [0x00000000f9f00000,0x00000000f9f00000,0x00000000fae80000)
 ParOldGen       total 40448K, used 28575K [0x00000000c2400000, 0x00000000c4b80000, 0x00000000eb700000)
  object space 40448K, 70% used [0x00000000c2400000,0x00000000c3fe7c18,0x00000000c4b80000)
 Metaspace       used 34404K, capacity 35346K, committed 35496K, reserved 1081344K
  class space    used 3962K, capacity 4226K, committed 4272K, reserved 1048576K

